-------------------------------------------------------------------------------
Test set: com.gordon.model.board.TaskTest
-------------------------------------------------------------------------------
Tests run: 7, Failures: 7, Errors: 0, Skipped: 0, Time elapsed: 0 sec <<< FAILURE! - in com.gordon.model.board.TaskTest
testHasContent  Time elapsed: 0 sec  <<< FAILURE!
org.opentest4j.AssertionFailedError: The test case is a prototype.
	at com.gordon.model.board.TaskTest.testHasContent(TaskTest.java:81)

testSetContent  Time elapsed: 0 sec  <<< FAILURE!
org.opentest4j.AssertionFailedError: The test case is a prototype.
	at com.gordon.model.board.TaskTest.testSetContent(TaskTest.java:63)

testSetAuthor  Time elapsed: 0 sec  <<< FAILURE!
org.opentest4j.AssertionFailedError: The test case is a prototype.
	at com.gordon.model.board.TaskTest.testSetAuthor(TaskTest.java:36)

testSetTaskName  Time elapsed: 0 sec  <<< FAILURE!
org.opentest4j.AssertionFailedError: The test case is a prototype.
	at com.gordon.model.board.TaskTest.testSetTaskName(TaskTest.java:54)

testGetAuthor  Time elapsed: 0 sec  <<< FAILURE!
org.opentest4j.AssertionFailedError: The test case is a prototype.
	at com.gordon.model.board.TaskTest.testGetAuthor(TaskTest.java:27)

testGetTaskName  Time elapsed: 0 sec  <<< FAILURE!
org.opentest4j.AssertionFailedError: The test case is a prototype.
	at com.gordon.model.board.TaskTest.testGetTaskName(TaskTest.java:45)

testGetContent  Time elapsed: 0 sec  <<< FAILURE!
org.opentest4j.AssertionFailedError: The test case is a prototype.
	at com.gordon.model.board.TaskTest.testGetContent(TaskTest.java:72)

