<?xml version="1.0" encoding="UTF-8"?>
<testsuite xmlns:xsi="http://www.w3.org/2001/XMLSchema-instance" xsi:schemaLocation="https://maven.apache.org/surefire/maven-surefire-plugin/xsd/surefire-test-report.xsd" name="com.gordon.model.UserTest" time="0.033" tests="14" errors="0" skipped="0" failures="0">
  <properties>
[...]
</properties>
  <testcase name="testSetUserName{String}[1]" classname="com.gordon.model.UserTest" time="0.012"/>
  <testcase name="testSetUserName{String}[2]" classname="com.gordon.model.UserTest" time="0"/>
  <testcase name="testSetUserName{String}[3]" classname="com.gordon.model.UserTest" time="0"/>
  <testcase name="testSetUserName{String}[4]" classname="com.gordon.model.UserTest" time="0"/>
  <testcase name="testSetUserName{String}[5]" classname="com.gordon.model.UserTest" time="0"/>
  <testcase name="testSetUserName{String}[6]" classname="com.gordon.model.UserTest" time="0"/>
  <testcase name="testGetUserName{String}[1]" classname="com.gordon.model.UserTest" time="0.001"/>
  <testcase name="testGetUserName{String}[2]" classname="com.gordon.model.UserTest" time="0"/>
  <testcase name="testGetUserName{String}[3]" classname="com.gordon.model.UserTest" time="0"/>
  <testcase name="testGetUserName{String}[4]" classname="com.gordon.model.UserTest" time="0.001"/>
  <testcase name="testGetUserName{String}[5]" classname="com.gordon.model.UserTest" time="0"/>
  <testcase name="testGetUserName{String}[6]" classname="com.gordon.model.UserTest" time="0"/>
  <testcase name="testGetUserName{String}[7]" classname="com.gordon.model.UserTest" time="0"/>
  <testcase name="testGetUserName{String}[8]" classname="com.gordon.model.UserTest" time="0.001"/>
</testsuite>